<?xml version="1.0" encoding="UTF-8"?>
<!-- Generated by org.testng.reporters.JUnitXMLReporter -->
<testsuite ignored="0" hostname="DESKTOP-4BLCFG0" failures="0" tests="1" name="Test" time="1.955" errors="0" timestamp="2022-09-21T12:01:52 IST">
  <testcase classname="com.actitime.generic.BaseCLass" name="@BeforeTest openBrowser" time="1.852">
    <failure type="org.openqa.selenium.SessionNotCreatedException" message="session not created: This version of ChromeDriver only supports Chrome version 102
Current browser version is 105.0.5195.127 with binary path C:\Program Files (x86)\Google\Chrome\Application\chrome.exe
Build info: version: &amp;apos;3.141.59&amp;apos;, revision: &amp;apos;e82be7d358&amp;apos;, time: &amp;apos;2018-11-14T08:25:53&amp;apos;
System info: host: &amp;apos;DESKTOP-4BLCFG0&amp;apos;, ip: &amp;apos;192.168.56.1&amp;apos;, os.name: &amp;apos;Windows 10&amp;apos;, os.arch: &amp;apos;amd64&amp;apos;, os.version: &amp;apos;10.0&amp;apos;, java.version: &amp;apos;17.0.2&amp;apos;
Driver info: driver.version: ChromeDriver
remote stacktrace: Backtrace:
	Ordinal0 [0x0060D953+2414931]
	Ordinal0 [0x0059F5E1+1963489]
	Ordinal0 [0x0048C6B8+837304]
	Ordinal0 [0x004ACAE3+969443]
	Ordinal0 [0x004A86FA+952058]
	Ordinal0 [0x004A5FB1+942001]
	Ordinal0 [0x004D9100+1151232]
	Ordinal0 [0x004D8D5A+1150298]
	Ordinal0 [0x004D42B6+1131190]
	Ordinal0 [0x004AE860+976992]
	Ordinal0 [0x004AF756+980822]
	GetHandleVerifier [0x0087CC62+2510274]
	GetHandleVerifier [0x0086F760+2455744]
	GetHandleVerifier [0x0069EABA+551962]
	GetHandleVerifier [0x0069D916+547446]
	Ordinal0 [0x005A5F3B+1990459]
	Ordinal0 [0x005AA898+2009240]
	Ordinal0 [0x005AA985+2009477]
	Ordinal0 [0x005B3AD1+2046673]
	BaseThreadInitThunk [0x7606FA29+25]
	RtlGetAppContainerNamedObjectPath [0x77AA7B5E+286]
	RtlGetAppContainerNamedObjectPath [0x77AA7B2E+238]
">
      <![CDATA[org.openqa.selenium.SessionNotCreatedException: session not created: This version of ChromeDriver only supports Chrome version 102
Current browser version is 105.0.5195.127 with binary path C:\Program Files (x86)\Google\Chrome\Application\chrome.exe
Build info: version: '3.141.59', revision: 'e82be7d358', time: '2018-11-14T08:25:53'
System info: host: 'DESKTOP-4BLCFG0', ip: '192.168.56.1', os.name: 'Windows 10', os.arch: 'amd64', os.version: '10.0', java.version: '17.0.2'
Driver info: driver.version: ChromeDriver
remote stacktrace: Backtrace:
Ordinal0 [0x0060D953+2414931]
Ordinal0 [0x0059F5E1+1963489]
Ordinal0 [0x0048C6B8+837304]
Ordinal0 [0x004ACAE3+969443]
Ordinal0 [0x004A86FA+952058]
Ordinal0 [0x004A5FB1+942001]
Ordinal0 [0x004D9100+1151232]
Ordinal0 [0x004D8D5A+1150298]
Ordinal0 [0x004D42B6+1131190]
Ordinal0 [0x004AE860+976992]
Ordinal0 [0x004AF756+980822]
GetHandleVerifier [0x0087CC62+2510274]
GetHandleVerifier [0x0086F760+2455744]
GetHandleVerifier [0x0069EABA+551962]
GetHandleVerifier [0x0069D916+547446]
Ordinal0 [0x005A5F3B+1990459]
Ordinal0 [0x005AA898+2009240]
Ordinal0 [0x005AA985+2009477]
Ordinal0 [0x005B3AD1+2046673]
BaseThreadInitThunk [0x7606FA29+25]
RtlGetAppContainerNamedObjectPath [0x77AA7B5E+286]
RtlGetAppContainerNamedObjectPath [0x77AA7B2E+238]

at org.openqa.selenium.remote.W3CHandshakeResponse.lambda$errorHandler$0(W3CHandshakeResponse.java:62)
at org.openqa.selenium.remote.HandshakeResponse.lambda$getResponseFunction$0(HandshakeResponse.java:30)
at org.openqa.selenium.remote.ProtocolHandshake.lambda$createSession$0(ProtocolHandshake.java:126)
at java.base/java.util.stream.ReferencePipeline$3$1.accept(ReferencePipeline.java:197)
at java.base/java.util.Spliterators$ArraySpliterator.tryAdvance(Spliterators.java:1002)
at java.base/java.util.stream.ReferencePipeline.forEachWithCancel(ReferencePipeline.java:129)
at java.base/java.util.stream.AbstractPipeline.copyIntoWithCancel(AbstractPipeline.java:527)
at java.base/java.util.stream.AbstractPipeline.copyInto(AbstractPipeline.java:513)
at java.base/java.util.stream.AbstractPipeline.wrapAndCopyInto(AbstractPipeline.java:499)
at java.base/java.util.stream.FindOps$FindOp.evaluateSequential(FindOps.java:150)
at java.base/java.util.stream.AbstractPipeline.evaluate(AbstractPipeline.java:234)
at java.base/java.util.stream.ReferencePipeline.findFirst(ReferencePipeline.java:647)
at org.openqa.selenium.remote.ProtocolHandshake.createSession(ProtocolHandshake.java:128)
at org.openqa.selenium.remote.ProtocolHandshake.createSession(ProtocolHandshake.java:74)
at org.openqa.selenium.remote.HttpCommandExecutor.execute(HttpCommandExecutor.java:136)
at org.openqa.selenium.remote.service.DriverCommandExecutor.execute(DriverCommandExecutor.java:83)
at org.openqa.selenium.remote.RemoteWebDriver.execute(RemoteWebDriver.java:552)
at org.openqa.selenium.remote.RemoteWebDriver.startSession(RemoteWebDriver.java:213)
at org.openqa.selenium.remote.RemoteWebDriver.<init>(RemoteWebDriver.java:131)
at org.openqa.selenium.chrome.ChromeDriver.<init>(ChromeDriver.java:181)
at org.openqa.selenium.chrome.ChromeDriver.<init>(ChromeDriver.java:168)
at org.openqa.selenium.chrome.ChromeDriver.<init>(ChromeDriver.java:123)
at com.actitime.generic.BaseCLass.openBrowser(BaseCLass.java:27)
... Removed 29 stack frames]]>
    </failure>
  </testcase> <!-- @BeforeTest openBrowser -->
  <testcase classname="com.actitime.generic.BaseCLass" name="@BeforeMethod login" time="-1.663741912355E9">
    <skipped/>
  </testcase> <!-- @BeforeMethod login -->
  <testcase classname="com.actitime.generic.BaseCLass" name="@AfterMethod logout" time="-1.663741912383E9">
    <skipped/>
  </testcase> <!-- @AfterMethod logout -->
  <testcase classname="com.actitime.generic.BaseCLass" name="@AfterTest closeBrowser" time="-1.663741912394E9">
    <skipped/>
  </testcase> <!-- @AfterTest closeBrowser -->
  <testcase classname="com.actitime.testscript.CustomerModule" name="testCreateCustomer" time="0.0">
    <skipped/>
  </testcase> <!-- testCreateCustomer -->
</testsuite> <!-- Test -->
